INFO: [VRFC 10-163] Analyzing VHDL file "/home/rosimon/compilateur/compilateur.srcs/sources_1/new/UAL.vhd" into library xil_defaultlib
INFO: [VRFC 10-307] analyzing entity UAL
INFO: [VRFC 10-163] Analyzing VHDL file "/home/rosimon/compilateur/compilateur.srcs/sim_1/new/UAL_tests.vhd" into library xil_defaultlib
INFO: [VRFC 10-307] analyzing entity UAL_tests
INFO: [VRFC 10-163] Analyzing VHDL file "/home/rosimon/compilateur/compilateur.srcs/sim_1/new/UAL_tests.vhd" into library xil_defaultlib
INFO: [VRFC 10-307] analyzing entity UAL_tests
INFO: [VRFC 10-163] Analyzing VHDL file "/home/rosimon/compilateur/compilateur.srcs/sim_1/new/UAL_tests.vhd" into library xil_defaultlib
INFO: [VRFC 10-307] analyzing entity UAL_tests
INFO: [VRFC 10-163] Analyzing VHDL file "/home/rosimon/compilateur/compilateur.srcs/sources_1/new/UAL.vhd" into library xil_defaultlib
INFO: [VRFC 10-307] analyzing entity UAL
INFO: [VRFC 10-163] Analyzing VHDL file "/home/rosimon/compilateur/compilateur.srcs/sources_1/new/UAL.vhd" into library xil_defaultlib
INFO: [VRFC 10-307] analyzing entity UAL
INFO: [VRFC 10-163] Analyzing VHDL file "/home/rosimon/compilateur/compilateur.srcs/sources_1/new/UAL.vhd" into library xil_defaultlib
INFO: [VRFC 10-307] analyzing entity UAL
INFO: [VRFC 10-163] Analyzing VHDL file "/home/rosimon/compilateur/compilateur.srcs/sources_1/new/UAL.vhd" into library xil_defaultlib
INFO: [VRFC 10-307] analyzing entity UAL
INFO: [VRFC 10-163] Analyzing VHDL file "/home/rosimon/compilateur/compilateur.srcs/sim_1/new/UAL_tests.vhd" into library xil_defaultlib
INFO: [VRFC 10-307] analyzing entity UAL_tests
INFO: [VRFC 10-163] Analyzing VHDL file "/home/rosimon/compilateur/compilateur.srcs/sources_1/new/UAL.vhd" into library xil_defaultlib
INFO: [VRFC 10-307] analyzing entity UAL
INFO: [VRFC 10-163] Analyzing VHDL file "/home/rosimon/compilateur/compilateur.srcs/sources_1/new/UAL.vhd" into library xil_defaultlib
INFO: [VRFC 10-307] analyzing entity UAL
INFO: [VRFC 10-163] Analyzing VHDL file "/home/rosimon/compilateur/compilateur.srcs/sources_1/new/UAL.vhd" into library xil_defaultlib
INFO: [VRFC 10-307] analyzing entity UAL
INFO: [VRFC 10-163] Analyzing VHDL file "/home/rosimon/compilateur/compilateur.srcs/sources_1/new/UAL.vhd" into library xil_defaultlib
INFO: [VRFC 10-307] analyzing entity UAL
INFO: [VRFC 10-163] Analyzing VHDL file "/home/rosimon/compilateur/compilateur.srcs/sources_1/new/UAL.vhd" into library xil_defaultlib
INFO: [VRFC 10-307] analyzing entity UAL
INFO: [VRFC 10-163] Analyzing VHDL file "/home/rosimon/compilateur/compilateur.srcs/sources_1/new/UAL.vhd" into library xil_defaultlib
INFO: [VRFC 10-307] analyzing entity UAL
INFO: [VRFC 10-163] Analyzing VHDL file "/home/rosimon/compilateur/compilateur.srcs/sources_1/new/UAL.vhd" into library xil_defaultlib
INFO: [VRFC 10-307] analyzing entity UAL
INFO: [VRFC 10-163] Analyzing VHDL file "/home/rosimon/compilateur/compilateur.srcs/sources_1/new/UAL.vhd" into library xil_defaultlib
INFO: [VRFC 10-307] analyzing entity UAL
INFO: [VRFC 10-163] Analyzing VHDL file "/home/rosimon/compilateur/compilateur.srcs/sources_1/new/UAL.vhd" into library xil_defaultlib
INFO: [VRFC 10-307] analyzing entity UAL
INFO: [VRFC 10-163] Analyzing VHDL file "/home/rosimon/compilateur/compilateur.srcs/sources_1/new/UAL.vhd" into library xil_defaultlib
INFO: [VRFC 10-307] analyzing entity UAL
INFO: [VRFC 10-163] Analyzing VHDL file "/home/rosimon/compilateur/compilateur.srcs/sim_1/new/UAL_tests.vhd" into library xil_defaultlib
INFO: [VRFC 10-307] analyzing entity UAL_tests
INFO: [VRFC 10-163] Analyzing VHDL file "/home/rosimon/compilateur/compilateur.srcs/sim_1/new/UAL_tests.vhd" into library xil_defaultlib
INFO: [VRFC 10-307] analyzing entity UAL_tests
INFO: [VRFC 10-163] Analyzing VHDL file "/home/rosimon/compilateur/compilateur.srcs/sim_1/new/UAL_tests.vhd" into library xil_defaultlib
INFO: [VRFC 10-307] analyzing entity UAL_tests
INFO: [VRFC 10-163] Analyzing VHDL file "/home/rosimon/compilateur/compilateur.srcs/sources_1/new/UAL.vhd" into library xil_defaultlib
INFO: [VRFC 10-307] analyzing entity UAL
INFO: [VRFC 10-163] Analyzing VHDL file "/home/rosimon/compilateur/compilateur.srcs/sim_1/new/UAL_tests.vhd" into library xil_defaultlib
INFO: [VRFC 10-307] analyzing entity UAL_tests
INFO: [VRFC 10-163] Analyzing VHDL file "/home/rosimon/compilateur/compilateur.srcs/sim_1/new/UAL_tests.vhd" into library xil_defaultlib
INFO: [VRFC 10-307] analyzing entity UAL_tests
INFO: [VRFC 10-163] Analyzing VHDL file "/home/rosimon/compilateur/compilateur.srcs/sim_1/new/UAL_tests.vhd" into library xil_defaultlib
INFO: [VRFC 10-307] analyzing entity UAL_tests
INFO: [VRFC 10-163] Analyzing VHDL file "/home/rosimon/compilateur/compilateur.srcs/sim_1/new/UAL_tests.vhd" into library xil_defaultlib
INFO: [VRFC 10-307] analyzing entity UAL_tests
INFO: [VRFC 10-163] Analyzing VHDL file "/home/rosimon/compilateur/compilateur.srcs/sim_1/new/UAL_tests.vhd" into library xil_defaultlib
INFO: [VRFC 10-307] analyzing entity UAL_tests
INFO: [VRFC 10-163] Analyzing VHDL file "/home/rosimon/compilateur/compilateur.srcs/sources_1/new/UAL.vhd" into library xil_defaultlib
INFO: [VRFC 10-307] analyzing entity UAL
INFO: [VRFC 10-163] Analyzing VHDL file "/home/rosimon/compilateur/compilateur.srcs/sources_1/new/UAL.vhd" into library xil_defaultlib
INFO: [VRFC 10-307] analyzing entity UAL
INFO: [VRFC 10-163] Analyzing VHDL file "/home/rosimon/compilateur/compilateur.srcs/sources_1/new/UAL.vhd" into library xil_defaultlib
INFO: [VRFC 10-307] analyzing entity UAL
INFO: [VRFC 10-163] Analyzing VHDL file "/home/rosimon/compilateur/compilateur.srcs/sim_1/new/UAL_tests.vhd" into library xil_defaultlib
INFO: [VRFC 10-307] analyzing entity UAL_tests
INFO: [VRFC 10-163] Analyzing VHDL file "/home/rosimon/compilateur/compilateur.srcs/sources_1/new/BancRegistres.vhd" into library xil_defaultlib
INFO: [VRFC 10-307] analyzing entity BancRegistres
INFO: [VRFC 10-163] Analyzing VHDL file "/home/rosimon/compilateur/compilateur.srcs/sim_1/new/BancRegistres_tests.vhd" into library xil_defaultlib
INFO: [VRFC 10-307] analyzing entity BancsRegistres_tests
INFO: [VRFC 10-163] Analyzing VHDL file "/home/rosimon/compilateur/compilateur.srcs/sim_1/new/BancRegistres_tests.vhd" into library xil_defaultlib
INFO: [VRFC 10-307] analyzing entity BancsRegistres_tests
INFO: [VRFC 10-163] Analyzing VHDL file "/home/rosimon/compilateur/compilateur.srcs/sim_1/new/BancRegistres_tests.vhd" into library xil_defaultlib
INFO: [VRFC 10-307] analyzing entity BancsRegistres_tests
ERROR: [VRFC 10-1464] type std_logic does not match with a string literal [/home/rosimon/compilateur/compilateur.srcs/sim_1/new/BancRegistres_tests.vhd:85]
ERROR: [VRFC 10-1504] unit behavioral ignored due to previous errors [/home/rosimon/compilateur/compilateur.srcs/sim_1/new/BancRegistres_tests.vhd:38]
INFO: [VRFC 10-240] VHDL file /home/rosimon/compilateur/compilateur.srcs/sim_1/new/BancRegistres_tests.vhd ignored due to errors
INFO: [VRFC 10-163] Analyzing VHDL file "/home/rosimon/compilateur/compilateur.srcs/sim_1/new/BancRegistres_tests.vhd" into library xil_defaultlib
INFO: [VRFC 10-307] analyzing entity BancsRegistres_tests
INFO: [VRFC 10-163] Analyzing VHDL file "/home/rosimon/compilateur/compilateur.srcs/sim_1/new/BancRegistres_tests.vhd" into library xil_defaultlib
INFO: [VRFC 10-307] analyzing entity BancsRegistres_tests
INFO: [VRFC 10-163] Analyzing VHDL file "/home/rosimon/compilateur/compilateur.srcs/sim_1/new/BancRegistres_tests.vhd" into library xil_defaultlib
INFO: [VRFC 10-307] analyzing entity BancsRegistres_tests
INFO: [VRFC 10-163] Analyzing VHDL file "/home/rosimon/compilateur/compilateur.srcs/sources_1/new/BancRegistres.vhd" into library xil_defaultlib
INFO: [VRFC 10-307] analyzing entity BancRegistres
INFO: [VRFC 10-163] Analyzing VHDL file "/home/rosimon/compilateur/compilateur.srcs/sim_1/new/BancRegistres_tests.vhd" into library xil_defaultlib
INFO: [VRFC 10-307] analyzing entity BancsRegistres_tests
INFO: [VRFC 10-163] Analyzing VHDL file "/home/rosimon/compilateur/compilateur.srcs/sim_1/new/BancRegistres_tests.vhd" into library xil_defaultlib
INFO: [VRFC 10-307] analyzing entity BancsRegistres_tests
INFO: [VRFC 10-163] Analyzing VHDL file "/home/rosimon/compilateur/compilateur.srcs/sources_1/new/BancRegistres.vhd" into library xil_defaultlib
INFO: [VRFC 10-307] analyzing entity BancRegistres
INFO: [VRFC 10-163] Analyzing VHDL file "/home/rosimon/compilateur/compilateur.srcs/sim_1/new/BancRegistres_tests.vhd" into library xil_defaultlib
INFO: [VRFC 10-307] analyzing entity BancsRegistres_tests
INFO: [VRFC 10-163] Analyzing VHDL file "/home/rosimon/compilateur/compilateur.srcs/sim_1/new/BancRegistres_tests.vhd" into library xil_defaultlib
INFO: [VRFC 10-307] analyzing entity BancsRegistres_tests
INFO: [VRFC 10-163] Analyzing VHDL file "/home/rosimon/compilateur/compilateur.srcs/sources_1/new/BancRegistres.vhd" into library xil_defaultlib
INFO: [VRFC 10-307] analyzing entity BancRegistres
INFO: [VRFC 10-163] Analyzing VHDL file "/home/rosimon/compilateur/compilateur.srcs/sim_1/new/BancRegistres_tests.vhd" into library xil_defaultlib
INFO: [VRFC 10-307] analyzing entity BancsRegistres_tests
INFO: [VRFC 10-163] Analyzing VHDL file "/home/rosimon/compilateur/compilateur.srcs/sources_1/new/BancRegistres.vhd" into library xil_defaultlib
INFO: [VRFC 10-307] analyzing entity BancRegistres
INFO: [VRFC 10-163] Analyzing VHDL file "/home/rosimon/compilateur/compilateur.srcs/sources_1/new/BancRegistres.vhd" into library xil_defaultlib
INFO: [VRFC 10-307] analyzing entity BancRegistres
INFO: [VRFC 10-163] Analyzing VHDL file "/home/rosimon/compilateur/compilateur.srcs/sim_1/new/BancRegistres_tests.vhd" into library xil_defaultlib
INFO: [VRFC 10-307] analyzing entity BancsRegistres_tests
INFO: [VRFC 10-163] Analyzing VHDL file "/home/rosimon/compilateur/compilateur.srcs/sources_1/new/BancRegistres.vhd" into library xil_defaultlib
INFO: [VRFC 10-307] analyzing entity BancRegistres
INFO: [VRFC 10-163] Analyzing VHDL file "/home/rosimon/compilateur/compilateur.srcs/sim_1/new/BancRegistres_tests.vhd" into library xil_defaultlib
INFO: [VRFC 10-307] analyzing entity BancsRegistres_tests
INFO: [VRFC 10-163] Analyzing VHDL file "/home/rosimon/compilateur/compilateur.srcs/sources_1/new/BancInstructions.vhd" into library xil_defaultlib
INFO: [VRFC 10-307] analyzing entity BancInstructions
INFO: [VRFC 10-163] Analyzing VHDL file "/home/rosimon/compilateur/compilateur.srcs/sources_1/new/BancMemoire.vhd" into library xil_defaultlib
INFO: [VRFC 10-307] analyzing entity BancMemoire
INFO: [VRFC 10-163] Analyzing VHDL file "/home/rosimon/compilateur/compilateur.srcs/sources_1/new/UAL.vhd" into library xil_defaultlib
INFO: [VRFC 10-307] analyzing entity UAL
INFO: [VRFC 10-163] Analyzing VHDL file "/home/rosimon/compilateur/compilateur.srcs/sim_1/new/CheminDonnees.vhd" into library xil_defaultlib
INFO: [VRFC 10-307] analyzing entity CheminDonnees
INFO: [VRFC 10-163] Analyzing VHDL file "/home/rosimon/compilateur/compilateur.srcs/sim_1/new/CheminDonnees.vhd" into library xil_defaultlib
INFO: [VRFC 10-307] analyzing entity CheminDonnees
INFO: [VRFC 10-163] Analyzing VHDL file "/home/rosimon/compilateur/compilateur.srcs/sim_1/new/CheminDonnees.vhd" into library xil_defaultlib
INFO: [VRFC 10-307] analyzing entity CheminDonnees
INFO: [VRFC 10-163] Analyzing VHDL file "/home/rosimon/compilateur/compilateur.srcs/sim_1/new/CheminDonnees.vhd" into library xil_defaultlib
INFO: [VRFC 10-307] analyzing entity CheminDonnees
INFO: [VRFC 10-163] Analyzing VHDL file "/home/rosimon/compilateur/compilateur.srcs/sim_1/new/CheminDonnees.vhd" into library xil_defaultlib
INFO: [VRFC 10-307] analyzing entity CheminDonnees
INFO: [VRFC 10-163] Analyzing VHDL file "/home/rosimon/compilateur/compilateur.srcs/sources_1/new/BancRegistres.vhd" into library xil_defaultlib
INFO: [VRFC 10-307] analyzing entity BancRegistres
INFO: [VRFC 10-163] Analyzing VHDL file "/home/rosimon/compilateur/compilateur.srcs/sim_1/new/CheminDonnees.vhd" into library xil_defaultlib
INFO: [VRFC 10-307] analyzing entity CheminDonnees
INFO: [VRFC 10-163] Analyzing VHDL file "/home/rosimon/compilateur/compilateur.srcs/sim_1/new/CheminDonnees.vhd" into library xil_defaultlib
INFO: [VRFC 10-307] analyzing entity CheminDonnees
INFO: [VRFC 10-163] Analyzing VHDL file "/home/rosimon/compilateur/compilateur.srcs/sim_1/new/CheminDonnees.vhd" into library xil_defaultlib
INFO: [VRFC 10-307] analyzing entity CheminDonnees
INFO: [VRFC 10-163] Analyzing VHDL file "/home/rosimon/compilateur/compilateur.srcs/sim_1/new/CheminDonnees.vhd" into library xil_defaultlib
INFO: [VRFC 10-307] analyzing entity CheminDonnees
INFO: [VRFC 10-163] Analyzing VHDL file "/home/rosimon/compilateur/compilateur.srcs/sources_1/new/BancInstructions.vhd" into library xil_defaultlib
INFO: [VRFC 10-307] analyzing entity BancInstructions
INFO: [VRFC 10-163] Analyzing VHDL file "/home/rosimon/compilateur/compilateur.srcs/sources_1/new/BancInstructions.vhd" into library xil_defaultlib
INFO: [VRFC 10-307] analyzing entity BancInstructions
INFO: [VRFC 10-163] Analyzing VHDL file "/home/rosimon/compilateur/compilateur.srcs/sim_1/new/CheminDonnees.vhd" into library xil_defaultlib
INFO: [VRFC 10-307] analyzing entity CheminDonnees
INFO: [VRFC 10-163] Analyzing VHDL file "/home/rosimon/compilateur/compilateur.srcs/sim_1/new/CheminDonnees.vhd" into library xil_defaultlib
INFO: [VRFC 10-307] analyzing entity CheminDonnees
INFO: [VRFC 10-163] Analyzing VHDL file "/home/rosimon/compilateur/compilateur.srcs/sim_1/new/CheminDonnees.vhd" into library xil_defaultlib
INFO: [VRFC 10-307] analyzing entity CheminDonnees
INFO: [VRFC 10-163] Analyzing VHDL file "/home/rosimon/compilateur/compilateur.srcs/sim_1/new/CheminDonnees.vhd" into library xil_defaultlib
INFO: [VRFC 10-307] analyzing entity CheminDonnees
INFO: [VRFC 10-163] Analyzing VHDL file "/home/rosimon/compilateur/compilateur.srcs/sim_1/new/CheminDonnees.vhd" into library xil_defaultlib
INFO: [VRFC 10-307] analyzing entity CheminDonnees
INFO: [VRFC 10-163] Analyzing VHDL file "/home/rosimon/compilateur/compilateur.srcs/sources_1/new/BancInstructions.vhd" into library xil_defaultlib
INFO: [VRFC 10-307] analyzing entity BancInstructions
INFO: [VRFC 10-163] Analyzing VHDL file "/home/rosimon/compilateur/compilateur.srcs/sim_1/new/CheminDonnees.vhd" into library xil_defaultlib
INFO: [VRFC 10-307] analyzing entity CheminDonnees
INFO: [VRFC 10-163] Analyzing VHDL file "/home/rosimon/compilateur/compilateur.srcs/sim_1/new/CheminDonnees.vhd" into library xil_defaultlib
INFO: [VRFC 10-307] analyzing entity CheminDonnees
INFO: [VRFC 10-163] Analyzing VHDL file "/home/rosimon/compilateur/compilateur.srcs/sim_1/new/CheminDonnees.vhd" into library xil_defaultlib
INFO: [VRFC 10-307] analyzing entity CheminDonnees
INFO: [VRFC 10-163] Analyzing VHDL file "/home/rosimon/compilateur/compilateur.srcs/sources_1/new/UAL.vhd" into library xil_defaultlib
INFO: [VRFC 10-307] analyzing entity UAL
INFO: [VRFC 10-163] Analyzing VHDL file "/home/rosimon/compilateur/compilateur.srcs/sim_1/new/UAL_tests.vhd" into library xil_defaultlib
INFO: [VRFC 10-307] analyzing entity UAL_tests
INFO: [VRFC 10-163] Analyzing VHDL file "/home/rosimon/compilateur/compilateur.srcs/sim_1/new/UAL_tests.vhd" into library xil_defaultlib
INFO: [VRFC 10-307] analyzing entity UAL_tests
INFO: [VRFC 10-163] Analyzing VHDL file "/home/rosimon/compilateur/compilateur.srcs/sim_1/new/UAL_tests.vhd" into library xil_defaultlib
INFO: [VRFC 10-307] analyzing entity UAL_tests
INFO: [VRFC 10-163] Analyzing VHDL file "/home/rosimon/compilateur/compilateur.srcs/sources_1/new/UAL.vhd" into library xil_defaultlib
INFO: [VRFC 10-307] analyzing entity UAL
INFO: [VRFC 10-163] Analyzing VHDL file "/home/rosimon/compilateur/compilateur.srcs/sim_1/new/UAL_tests.vhd" into library xil_defaultlib
INFO: [VRFC 10-307] analyzing entity UAL_tests
INFO: [VRFC 10-163] Analyzing VHDL file "/home/rosimon/compilateur/compilateur.srcs/sim_1/new/UAL_tests.vhd" into library xil_defaultlib
INFO: [VRFC 10-307] analyzing entity UAL_tests
INFO: [VRFC 10-163] Analyzing VHDL file "/home/rosimon/compilateur/compilateur.srcs/sources_1/new/UAL.vhd" into library xil_defaultlib
INFO: [VRFC 10-307] analyzing entity UAL
INFO: [VRFC 10-163] Analyzing VHDL file "/home/rosimon/compilateur/compilateur.srcs/sources_1/new/BancInstructions.vhd" into library xil_defaultlib
INFO: [VRFC 10-307] analyzing entity BancInstructions
INFO: [VRFC 10-163] Analyzing VHDL file "/home/rosimon/compilateur/compilateur.srcs/sources_1/new/UAL.vhd" into library xil_defaultlib
INFO: [VRFC 10-307] analyzing entity UAL
INFO: [VRFC 10-163] Analyzing VHDL file "/home/rosimon/compilateur/compilateur.srcs/sim_1/new/CheminDonnees.vhd" into library xil_defaultlib
INFO: [VRFC 10-307] analyzing entity CheminDonnees
INFO: [VRFC 10-163] Analyzing VHDL file "/home/rosimon/compilateur/compilateur.srcs/sources_1/new/BancInstructions.vhd" into library xil_defaultlib
INFO: [VRFC 10-307] analyzing entity BancInstructions
INFO: [VRFC 10-163] Analyzing VHDL file "/home/rosimon/compilateur/compilateur.srcs/sim_1/new/CheminDonnees.vhd" into library xil_defaultlib
INFO: [VRFC 10-307] analyzing entity CheminDonnees
INFO: [VRFC 10-163] Analyzing VHDL file "/home/rosimon/compilateur/compilateur.srcs/sim_1/new/CheminDonnees.vhd" into library xil_defaultlib
INFO: [VRFC 10-307] analyzing entity CheminDonnees
INFO: [VRFC 10-163] Analyzing VHDL file "/home/rosimon/compilateur/compilateur.srcs/sim_1/new/CheminDonnees.vhd" into library xil_defaultlib
INFO: [VRFC 10-307] analyzing entity CheminDonnees
INFO: [VRFC 10-163] Analyzing VHDL file "/home/rosimon/compilateur/compilateur.srcs/sim_1/new/CheminDonnees.vhd" into library xil_defaultlib
INFO: [VRFC 10-307] analyzing entity CheminDonnees
INFO: [VRFC 10-163] Analyzing VHDL file "/home/rosimon/compilateur/compilateur.srcs/sim_1/new/CheminDonnees.vhd" into library xil_defaultlib
INFO: [VRFC 10-307] analyzing entity CheminDonnees
INFO: [VRFC 10-163] Analyzing VHDL file "/home/rosimon/compilateur/compilateur.srcs/sim_1/new/CheminDonnees.vhd" into library xil_defaultlib
INFO: [VRFC 10-307] analyzing entity CheminDonnees
INFO: [VRFC 10-163] Analyzing VHDL file "/home/rosimon/compilateur/compilateur.srcs/sim_1/new/CheminDonnees.vhd" into library xil_defaultlib
INFO: [VRFC 10-307] analyzing entity CheminDonnees
INFO: [VRFC 10-163] Analyzing VHDL file "/home/rosimon/compilateur/compilateur.srcs/sim_1/new/CheminDonnees.vhd" into library xil_defaultlib
INFO: [VRFC 10-307] analyzing entity CheminDonnees
INFO: [VRFC 10-163] Analyzing VHDL file "/home/rosimon/compilateur/compilateur.srcs/sim_1/new/CheminDonnees.vhd" into library xil_defaultlib
INFO: [VRFC 10-307] analyzing entity CheminDonnees
INFO: [VRFC 10-163] Analyzing VHDL file "/home/rosimon/compilateur/compilateur.srcs/sim_1/new/CheminDonnees.vhd" into library xil_defaultlib
INFO: [VRFC 10-307] analyzing entity CheminDonnees
INFO: [VRFC 10-163] Analyzing VHDL file "/home/rosimon/compilateur/compilateur.srcs/sim_1/new/CheminDonnees.vhd" into library xil_defaultlib
INFO: [VRFC 10-307] analyzing entity CheminDonnees
INFO: [VRFC 10-163] Analyzing VHDL file "/home/rosimon/compilateur/compilateur.srcs/sim_1/new/CheminDonnees.vhd" into library xil_defaultlib
INFO: [VRFC 10-307] analyzing entity CheminDonnees
INFO: [VRFC 10-163] Analyzing VHDL file "/home/rosimon/compilateur/compilateur.srcs/sim_1/new/CheminDonnees.vhd" into library xil_defaultlib
INFO: [VRFC 10-307] analyzing entity CheminDonnees
INFO: [VRFC 10-163] Analyzing VHDL file "/home/rosimon/compilateur/compilateur.srcs/sim_1/new/CheminDonnees.vhd" into library xil_defaultlib
INFO: [VRFC 10-307] analyzing entity CheminDonnees
INFO: [VRFC 10-163] Analyzing VHDL file "/home/rosimon/compilateur/compilateur.srcs/sim_1/new/CheminDonnees.vhd" into library xil_defaultlib
INFO: [VRFC 10-307] analyzing entity CheminDonnees
INFO: [VRFC 10-163] Analyzing VHDL file "/home/rosimon/compilateur/compilateur.srcs/sim_1/new/CheminDonnees.vhd" into library xil_defaultlib
INFO: [VRFC 10-307] analyzing entity CheminDonnees
INFO: [VRFC 10-163] Analyzing VHDL file "/home/rosimon/compilateur/compilateur.srcs/sources_1/new/BancInstructions.vhd" into library xil_defaultlib
INFO: [VRFC 10-307] analyzing entity BancInstructions
INFO: [VRFC 10-163] Analyzing VHDL file "/home/rosimon/compilateur/compilateur.srcs/sources_1/new/BancInstructions.vhd" into library xil_defaultlib
INFO: [VRFC 10-307] analyzing entity BancInstructions
INFO: [VRFC 10-163] Analyzing VHDL file "/home/rosimon/compilateur/compilateur.srcs/sources_1/new/BancInstructions.vhd" into library xil_defaultlib
INFO: [VRFC 10-307] analyzing entity BancInstructions
INFO: [VRFC 10-163] Analyzing VHDL file "/home/rosimon/compilateur/compilateur.srcs/sources_1/new/BancInstructions.vhd" into library xil_defaultlib
INFO: [VRFC 10-307] analyzing entity BancInstructions
INFO: [VRFC 10-163] Analyzing VHDL file "/home/rosimon/compilateur/compilateur.srcs/sim_1/new/CheminDonnees.vhd" into library xil_defaultlib
INFO: [VRFC 10-307] analyzing entity CheminDonnees
INFO: [VRFC 10-163] Analyzing VHDL file "/home/rosimon/compilateur/compilateur.srcs/sim_1/new/CheminDonnees.vhd" into library xil_defaultlib
INFO: [VRFC 10-307] analyzing entity CheminDonnees
INFO: [VRFC 10-163] Analyzing VHDL file "/home/rosimon/compilateur/compilateur.srcs/sources_1/new/BancInstructions.vhd" into library xil_defaultlib
INFO: [VRFC 10-307] analyzing entity BancInstructions
INFO: [VRFC 10-163] Analyzing VHDL file "/home/rosimon/compilateur/compilateur.srcs/sim_1/new/CheminDonnees.vhd" into library xil_defaultlib
INFO: [VRFC 10-307] analyzing entity CheminDonnees
INFO: [VRFC 10-163] Analyzing VHDL file "/home/rosimon/compilateur/compilateur.srcs/sim_1/new/CheminDonnees.vhd" into library xil_defaultlib
INFO: [VRFC 10-307] analyzing entity CheminDonnees
INFO: [VRFC 10-163] Analyzing VHDL file "/home/rosimon/compilateur/compilateur.srcs/sim_1/new/CheminDonnees.vhd" into library xil_defaultlib
INFO: [VRFC 10-307] analyzing entity CheminDonnees
INFO: [VRFC 10-163] Analyzing VHDL file "/home/rosimon/compilateur/compilateur.srcs/sim_1/new/CheminDonnees.vhd" into library xil_defaultlib
INFO: [VRFC 10-307] analyzing entity CheminDonnees
INFO: [VRFC 10-163] Analyzing VHDL file "/home/rosimon/compilateur/compilateur.srcs/sim_1/new/CheminDonnees.vhd" into library xil_defaultlib
INFO: [VRFC 10-307] analyzing entity CheminDonnees
INFO: [VRFC 10-163] Analyzing VHDL file "/home/rosimon/compilateur/compilateur.srcs/sim_1/new/CheminDonnees.vhd" into library xil_defaultlib
INFO: [VRFC 10-307] analyzing entity CheminDonnees
INFO: [VRFC 10-163] Analyzing VHDL file "/home/rosimon/compilateur/compilateur.srcs/sources_1/new/BancInstructions.vhd" into library xil_defaultlib
INFO: [VRFC 10-307] analyzing entity BancInstructions
INFO: [VRFC 10-163] Analyzing VHDL file "/home/rosimon/compilateur/compilateur.srcs/sources_1/new/UAL.vhd" into library xil_defaultlib
INFO: [VRFC 10-307] analyzing entity UAL
INFO: [VRFC 10-163] Analyzing VHDL file "/home/rosimon/compilateur/compilateur.srcs/sim_1/new/CheminDonnees.vhd" into library xil_defaultlib
INFO: [VRFC 10-307] analyzing entity CheminDonnees
INFO: [VRFC 10-163] Analyzing VHDL file "/home/rosimon/compilateur/compilateur.srcs/sim_1/new/CheminDonnees.vhd" into library xil_defaultlib
INFO: [VRFC 10-307] analyzing entity CheminDonnees
INFO: [VRFC 10-163] Analyzing VHDL file "/home/rosimon/compilateur/compilateur.srcs/sim_1/new/CheminDonnees.vhd" into library xil_defaultlib
INFO: [VRFC 10-307] analyzing entity CheminDonnees
INFO: [VRFC 10-163] Analyzing VHDL file "/home/rosimon/compilateur/compilateur.srcs/sim_1/new/CheminDonnees.vhd" into library xil_defaultlib
INFO: [VRFC 10-307] analyzing entity CheminDonnees
INFO: [VRFC 10-163] Analyzing VHDL file "/home/rosimon/compilateur/compilateur.srcs/sim_1/new/CheminDonnees.vhd" into library xil_defaultlib
INFO: [VRFC 10-307] analyzing entity CheminDonnees
INFO: [VRFC 10-163] Analyzing VHDL file "/home/rosimon/compilateur/compilateur.srcs/sources_1/new/BancInstructions.vhd" into library xil_defaultlib
INFO: [VRFC 10-307] analyzing entity BancInstructions
INFO: [VRFC 10-163] Analyzing VHDL file "/home/rosimon/compilateur/compilateur.srcs/sim_1/new/CheminDonnees.vhd" into library xil_defaultlib
INFO: [VRFC 10-307] analyzing entity CheminDonnees
INFO: [VRFC 10-163] Analyzing VHDL file "/home/rosimon/compilateur/compilateur.srcs/sim_1/new/CheminDonnees.vhd" into library xil_defaultlib
INFO: [VRFC 10-307] analyzing entity CheminDonnees
INFO: [VRFC 10-163] Analyzing VHDL file "/home/rosimon/compilateur/compilateur.srcs/sim_1/new/CheminDonnees.vhd" into library xil_defaultlib
INFO: [VRFC 10-307] analyzing entity CheminDonnees
INFO: [VRFC 10-163] Analyzing VHDL file "/home/rosimon/compilateur/compilateur.srcs/sources_1/new/BancInstructions.vhd" into library xil_defaultlib
INFO: [VRFC 10-307] analyzing entity BancInstructions
INFO: [VRFC 10-163] Analyzing VHDL file "/home/rosimon/compilateur/compilateur.srcs/sources_1/new/BancInstructions.vhd" into library xil_defaultlib
INFO: [VRFC 10-307] analyzing entity BancInstructions
INFO: [VRFC 10-163] Analyzing VHDL file "/home/rosimon/compilateur/compilateur.srcs/sim_1/new/CheminDonnees.vhd" into library xil_defaultlib
INFO: [VRFC 10-307] analyzing entity CheminDonnees
INFO: [VRFC 10-163] Analyzing VHDL file "/home/rosimon/compilateur/compilateur.srcs/sim_1/new/CheminDonnees.vhd" into library xil_defaultlib
INFO: [VRFC 10-307] analyzing entity CheminDonnees
INFO: [VRFC 10-163] Analyzing VHDL file "/home/rosimon/compilateur/compilateur.srcs/sim_1/new/CheminDonnees.vhd" into library xil_defaultlib
INFO: [VRFC 10-307] analyzing entity CheminDonnees
INFO: [VRFC 10-163] Analyzing VHDL file "/home/rosimon/compilateur/compilateur.srcs/sources_1/new/BancInstructions.vhd" into library xil_defaultlib
INFO: [VRFC 10-307] analyzing entity BancInstructions
INFO: [VRFC 10-163] Analyzing VHDL file "/home/rosimon/compilateur/compilateur.srcs/sim_1/new/CheminDonnees.vhd" into library xil_defaultlib
INFO: [VRFC 10-307] analyzing entity CheminDonnees
INFO: [VRFC 10-163] Analyzing VHDL file "/home/rosimon/compilateur/compilateur.srcs/sim_1/new/CheminDonnees.vhd" into library xil_defaultlib
INFO: [VRFC 10-307] analyzing entity CheminDonnees
INFO: [VRFC 10-163] Analyzing VHDL file "/home/rosimon/compilateur/compilateur.srcs/sim_1/new/CheminDonnees.vhd" into library xil_defaultlib
INFO: [VRFC 10-307] analyzing entity CheminDonnees
INFO: [VRFC 10-163] Analyzing VHDL file "/home/rosimon/compilateur/compilateur.srcs/sources_1/new/BancInstructions.vhd" into library xil_defaultlib
INFO: [VRFC 10-307] analyzing entity BancInstructions
INFO: [VRFC 10-163] Analyzing VHDL file "/home/rosimon/compilateur/compilateur.srcs/sim_1/new/CheminDonnees.vhd" into library xil_defaultlib
INFO: [VRFC 10-307] analyzing entity CheminDonnees
INFO: [VRFC 10-163] Analyzing VHDL file "/home/rosimon/compilateur/compilateur.srcs/sim_1/new/CheminDonnees.vhd" into library xil_defaultlib
INFO: [VRFC 10-307] analyzing entity CheminDonnees
INFO: [VRFC 10-163] Analyzing VHDL file "/home/rosimon/compilateur/compilateur.srcs/sim_1/new/CheminDonnees.vhd" into library xil_defaultlib
INFO: [VRFC 10-307] analyzing entity CheminDonnees
INFO: [VRFC 10-163] Analyzing VHDL file "/home/rosimon/compilateur/compilateur.srcs/sim_1/new/CheminDonnees.vhd" into library xil_defaultlib
INFO: [VRFC 10-307] analyzing entity CheminDonnees
